c:\users\lenovo\source\repos\bookstore\bookstore\debug\vc142.pdb
c:\users\lenovo\source\repos\bookstore\bookstore\debug\.netframework,version=v4.7.2.assemblyattributes.obj
c:\users\lenovo\source\repos\bookstore\bookstore\debug\trackorder.obj
c:\users\lenovo\source\repos\bookstore\bookstore\debug\searchandedit.obj
c:\users\lenovo\source\repos\bookstore\bookstore\debug\requestfunds.obj
c:\users\lenovo\source\repos\bookstore\bookstore\debug\placeorder.obj
c:\users\lenovo\source\repos\bookstore\bookstore\debug\otherdetails.obj
c:\users\lenovo\source\repos\bookstore\bookstore\debug\login.obj
c:\users\lenovo\source\repos\bookstore\bookstore\debug\libraryevents.obj
c:\users\lenovo\source\repos\bookstore\bookstore\debug\inventorydetails.obj
c:\users\lenovo\source\repos\bookstore\bookstore\debug\employeedetails.obj
c:\users\lenovo\source\repos\bookstore\bookstore\debug\customerdetails.obj
c:\users\lenovo\source\repos\bookstore\bookstore\debug\cart.obj
c:\users\lenovo\source\repos\bookstore\bookstore\debug\addbook.obj
c:\users\lenovo\source\repos\bookstore\bookstore\debug\.netframework,version=v4.7.2.assemblyattributes.nativecodeanalysis.xml
c:\users\lenovo\source\repos\bookstore\bookstore\debug\addbook.nativecodeanalysis.xml
c:\users\lenovo\source\repos\bookstore\bookstore\debug\cart.nativecodeanalysis.xml
c:\users\lenovo\source\repos\bookstore\bookstore\debug\customerdetails.nativecodeanalysis.xml
c:\users\lenovo\source\repos\bookstore\bookstore\debug\employeedetails.nativecodeanalysis.xml
c:\users\lenovo\source\repos\bookstore\bookstore\debug\inventorydetails.nativecodeanalysis.xml
c:\users\lenovo\source\repos\bookstore\bookstore\debug\libraryevents.nativecodeanalysis.xml
c:\users\lenovo\source\repos\bookstore\bookstore\debug\login.nativecodeanalysis.xml
c:\users\lenovo\source\repos\bookstore\bookstore\debug\otherdetails.nativecodeanalysis.xml
c:\users\lenovo\source\repos\bookstore\bookstore\debug\placeorder.nativecodeanalysis.xml
c:\users\lenovo\source\repos\bookstore\bookstore\debug\requestfunds.nativecodeanalysis.xml
c:\users\lenovo\source\repos\bookstore\bookstore\debug\searchandedit.nativecodeanalysis.xml
c:\users\lenovo\source\repos\bookstore\bookstore\debug\trackorder.nativecodeanalysis.xml
c:\users\lenovo\source\repos\bookstore\debug\bookstore.pdb
c:\users\lenovo\source\repos\bookstore\debug\bookstore.exe
c:\users\lenovo\source\repos\bookstore\bookstore\debug\bookstore.tlog\cl.command.1.tlog
c:\users\lenovo\source\repos\bookstore\bookstore\debug\bookstore.tlog\cl.read.1.tlog
c:\users\lenovo\source\repos\bookstore\bookstore\debug\bookstore.tlog\cl.write.1.tlog
c:\users\lenovo\source\repos\bookstore\bookstore\debug\bookstore.tlog\metagen.write.1.tlog
